<?xml version="1.0" encoding="UTF-8"?>
<testng-results ignored="0" total="4" passed="2" failed="2" skipped="0">
  <reporter-output>
  </reporter-output>
  <suite started-at="2026-02-02T08:42:00 IST" name="Suite" finished-at="2026-02-02T08:42:50 IST" duration-ms="49940">
    <groups>
      <group name="cucumber">
        <method signature="AbstractTestNGCucumberTests.runScenario(io.cucumber.testng.PickleWrapper,io.cucumber.testng.FeatureWrapper)[pri:0, instance:runner.TestRunner@7188af83]" name="runScenario" class="io.cucumber.testng.AbstractTestNGCucumberTests"/>
      </group> <!-- cucumber -->
    </groups>
    <test started-at="2026-02-02T08:42:00 IST" name="Sanity Tests" finished-at="2026-02-02T08:42:50 IST" duration-ms="49940">
      <class name="runner.TestRunner">
        <test-method is-config="true" signature="setUpClass(org.testng.ITestContext)[pri:0, instance:runner.TestRunner@7188af83]" started-at="2026-02-02T08:42:00 IST" name="setUpClass" finished-at="2026-02-02T08:42:01 IST" duration-ms="385" status="PASS">
          <params>
            <param index="0">
              <value>
                <![CDATA[org.testng.TestRunner@655a01d8]]>
              </value>
            </param>
          </params>
          <reporter-output>
          </reporter-output>
        </test-method> <!-- setUpClass -->
        <test-method signature="runScenario(io.cucumber.testng.PickleWrapper,io.cucumber.testng.FeatureWrapper)[pri:0, instance:runner.TestRunner@7188af83]" started-at="2026-02-02T08:42:01 IST" name="runScenario" description="Runs Cucumber Scenarios" data-provider="scenarios" finished-at="2026-02-02T08:42:11 IST" duration-ms="10371" status="FAIL">
          <params>
            <param index="0">
              <value>
                <![CDATA["To verify open positions for students in carrear"]]>
              </value>
            </param>
            <param index="1">
              <value>
                <![CDATA["Verify amazon home page options"]]>
              </value>
            </param>
          </params>
          <exception class="java.lang.IndexOutOfBoundsException">
            <message>
              <![CDATA[Index 0 out of bounds for length 0]]>
            </message>
            <full-stacktrace>
              <![CDATA[java.lang.IndexOutOfBoundsException: Index 0 out of bounds for length 0
at java.base/jdk.internal.util.Preconditions.outOfBounds(Preconditions.java:100)
at java.base/jdk.internal.util.Preconditions.outOfBoundsCheckIndex(Preconditions.java:106)
at java.base/jdk.internal.util.Preconditions.checkIndex(Preconditions.java:302)
at java.base/java.util.Objects.checkIndex(Objects.java:365)
at java.base/java.util.ArrayList.get(ArrayList.java:428)
at java.base/jdk.internal.reflect.DirectMethodHandleAccessor.invoke(DirectMethodHandleAccessor.java:104)
at java.base/java.lang.reflect.Method.invoke(Method.java:565)
at org.openqa.selenium.support.pagefactory.internal.LocatingElementListHandler.invoke(LocatingElementListHandler.java:39)
at jdk.proxy2/jdk.proxy2.$Proxy26.get(Unknown Source)
at pom.CareersPage.OpenStudentsOpportunities(CareersPage.java:27)
at stepDef.StepDefination.view_open_jobs(StepDefination.java:54)
at ✽.User click on View open jobs under Opportunities for students(file:///C:/Users/akash/git/Aug-02-2025/Amezon_Automation/src/test/resources/features/Amezon.feature:7)
]]>
            </full-stacktrace>
          </exception> <!-- java.lang.IndexOutOfBoundsException -->
          <reporter-output>
          </reporter-output>
        </test-method> <!-- runScenario -->
        <test-method signature="runScenario(io.cucumber.testng.PickleWrapper,io.cucumber.testng.FeatureWrapper)[pri:0, instance:runner.TestRunner@7188af83]" started-at="2026-02-02T08:42:11 IST" name="runScenario" description="Runs Cucumber Scenarios" data-provider="scenarios" finished-at="2026-02-02T08:42:29 IST" duration-ms="18307" status="PASS">
          <params>
            <param index="0">
              <value>
                <![CDATA["To verify amezon services publications"]]>
              </value>
            </param>
            <param index="1">
              <value>
                <![CDATA["Verify amazon home page options"]]>
              </value>
            </param>
          </params>
          <reporter-output>
          </reporter-output>
        </test-method> <!-- runScenario -->
        <test-method signature="runScenario(io.cucumber.testng.PickleWrapper,io.cucumber.testng.FeatureWrapper)[pri:0, instance:runner.TestRunner@7188af83]" started-at="2026-02-02T08:42:30 IST" name="runScenario" description="Runs Cucumber Scenarios" data-provider="scenarios" finished-at="2026-02-02T08:42:46 IST" duration-ms="16855" status="PASS">
          <params>
            <param index="0">
              <value>
                <![CDATA["To verify amezon login successfull"]]>
              </value>
            </param>
            <param index="1">
              <value>
                <![CDATA["Verify amazon home page options"]]>
              </value>
            </param>
          </params>
          <reporter-output>
          </reporter-output>
        </test-method> <!-- runScenario -->
        <test-method signature="runScenario(io.cucumber.testng.PickleWrapper,io.cucumber.testng.FeatureWrapper)[pri:0, instance:runner.TestRunner@7188af83]" started-at="2026-02-02T08:42:46 IST" name="runScenario" description="Runs Cucumber Scenarios" data-provider="scenarios" finished-at="2026-02-02T08:42:50 IST" duration-ms="3923" status="FAIL">
          <params>
            <param index="0">
              <value>
                <![CDATA["To verify amezon status"]]>
              </value>
            </param>
            <param index="1">
              <value>
                <![CDATA["Verify amazon home page options"]]>
              </value>
            </param>
          </params>
          <exception class="java.lang.AssertionError">
            <message>
              <![CDATA[expected [true] but found [false]]]>
            </message>
            <full-stacktrace>
              <![CDATA[java.lang.AssertionError: expected [true] but found [false]
at org.testng.Assert.fail(Assert.java:111)
at org.testng.Assert.failNotEquals(Assert.java:1590)
at org.testng.Assert.assertTrue(Assert.java:57)
at org.testng.Assert.assertTrue(Assert.java:67)
at stepDef.StepDefination.verify_search_result_2(StepDefination.java:84)
at ✽.Verify that service status(file:///C:/Users/akash/git/Aug-02-2025/Amezon_Automation/src/test/resources/features/Amezon.feature:33)
]]>
            </full-stacktrace>
          </exception> <!-- java.lang.AssertionError -->
          <reporter-output>
          </reporter-output>
        </test-method> <!-- runScenario -->
        <test-method is-config="true" signature="tearDownClass()[pri:0, instance:runner.TestRunner@7188af83]" started-at="2026-02-02T08:42:50 IST" name="tearDownClass" finished-at="2026-02-02T08:42:50 IST" duration-ms="4" status="PASS">
          <reporter-output>
          </reporter-output>
        </test-method> <!-- tearDownClass -->
      </class> <!-- runner.TestRunner -->
    </test> <!-- Sanity Tests -->
  </suite> <!-- Suite -->
</testng-results>
