<?xml version="1.0" encoding="UTF-8"?>
<!-- Generated by org.testng.reporters.JUnitReportReporter -->
<testsuite hostname="Akash-PC" failures="1" tests="4" name="runner.TestRunner" time="49.456" errors="1" timestamp="2026-02-02T08:42:50 IST" skipped="0">
  <testcase classname="runner.TestRunner" name="runScenario" time="3.923">
    <failure message="expected [true] but found [false]" type="java.lang.AssertionError">
      <![CDATA[java.lang.AssertionError: expected [true] but found [false]
at org.testng.Assert.fail(Assert.java:111)
at org.testng.Assert.failNotEquals(Assert.java:1590)
at org.testng.Assert.assertTrue(Assert.java:57)
at org.testng.Assert.assertTrue(Assert.java:67)
at stepDef.StepDefination.verify_search_result_2(StepDefination.java:84)
at ✽.Verify that service status(file:///C:/Users/akash/git/Aug-02-2025/Amezon_Automation/src/test/resources/features/Amezon.feature:33)
]]>
    </failure>
  </testcase> <!-- runScenario -->
  <testcase classname="runner.TestRunner" name="runScenario" time="16.855"/>
  <testcase classname="runner.TestRunner" name="runScenario" time="18.307"/>
  <testcase classname="runner.TestRunner" name="runScenario" time="10.371">
    <error message="Index 0 out of bounds for length 0" type="java.lang.IndexOutOfBoundsException">
      <![CDATA[java.lang.IndexOutOfBoundsException: Index 0 out of bounds for length 0
at java.base/jdk.internal.util.Preconditions.outOfBounds(Preconditions.java:100)
at java.base/jdk.internal.util.Preconditions.outOfBoundsCheckIndex(Preconditions.java:106)
at java.base/jdk.internal.util.Preconditions.checkIndex(Preconditions.java:302)
at java.base/java.util.Objects.checkIndex(Objects.java:365)
at java.base/java.util.ArrayList.get(ArrayList.java:428)
at java.base/jdk.internal.reflect.DirectMethodHandleAccessor.invoke(DirectMethodHandleAccessor.java:104)
at java.base/java.lang.reflect.Method.invoke(Method.java:565)
at org.openqa.selenium.support.pagefactory.internal.LocatingElementListHandler.invoke(LocatingElementListHandler.java:39)
at jdk.proxy2/jdk.proxy2.$Proxy26.get(Unknown Source)
at pom.CareersPage.OpenStudentsOpportunities(CareersPage.java:27)
at stepDef.StepDefination.view_open_jobs(StepDefination.java:54)
at ✽.User click on View open jobs under Opportunities for students(file:///C:/Users/akash/git/Aug-02-2025/Amezon_Automation/src/test/resources/features/Amezon.feature:7)
]]>
    </error>
  </testcase> <!-- runScenario -->
</testsuite> <!-- runner.TestRunner -->
