<?xml version="1.0" encoding="UTF-8"?>
<!-- Generated by org.testng.reporters.JUnitXMLReporter -->
<testsuite ignored="0" hostname="Akash-PC" failures="2" tests="4" name="Sanity Tests" time="49.94" errors="0" timestamp="2026-02-02T08:42:50 IST">
  <testcase classname="io.cucumber.testng.AbstractTestNGCucumberTests" name="runScenario" time="10.371">
    <failure type="java.lang.IndexOutOfBoundsException" message="Index 0 out of bounds for length 0">
      <![CDATA[java.lang.IndexOutOfBoundsException: Index 0 out of bounds for length 0
at java.base/jdk.internal.util.Preconditions.outOfBounds(Preconditions.java:100)
at java.base/jdk.internal.util.Preconditions.outOfBoundsCheckIndex(Preconditions.java:106)
at java.base/jdk.internal.util.Preconditions.checkIndex(Preconditions.java:302)
at java.base/java.util.Objects.checkIndex(Objects.java:365)
at java.base/java.util.ArrayList.get(ArrayList.java:428)
at org.openqa.selenium.support.pagefactory.internal.LocatingElementListHandler.invoke(LocatingElementListHandler.java:39)
at jdk.proxy2/jdk.proxy2.$Proxy26.get(Unknown Source)
at pom.CareersPage.OpenStudentsOpportunities(CareersPage.java:27)
at stepDef.StepDefination.view_open_jobs(StepDefination.java:54)
at ✽.User click on View open jobs under Opportunities for students(file:///C:/Users/akash/git/Aug-02-2025/Amezon_Automation/src/test/resources/features/Amezon.feature:7)
... Removed 2 stack frames]]>
    </failure>
  </testcase> <!-- runScenario -->
  <testcase classname="io.cucumber.testng.AbstractTestNGCucumberTests" name="runScenario" time="18.307"/>
  <testcase classname="io.cucumber.testng.AbstractTestNGCucumberTests" name="runScenario" time="16.855"/>
  <testcase classname="io.cucumber.testng.AbstractTestNGCucumberTests" name="runScenario" time="3.923">
    <failure type="java.lang.AssertionError" message="expected [true] but found [false]">
      <![CDATA[java.lang.AssertionError: expected [true] but found [false]
at stepDef.StepDefination.verify_search_result_2(StepDefination.java:84)
at ✽.Verify that service status(file:///C:/Users/akash/git/Aug-02-2025/Amezon_Automation/src/test/resources/features/Amezon.feature:33)
... Removed 4 stack frames]]>
    </failure>
  </testcase> <!-- runScenario -->
</testsuite> <!-- Sanity Tests -->
